{"C:\\Users\\Aliaksei_Kazlou\\Documents\\ReactSandbox\\MoviesWiki\\src\\actions\\index.js": {"path":"C:\\Users\\Aliaksei_Kazlou\\Documents\\ReactSandbox\\MoviesWiki\\src\\actions\\index.js","statementMap":{"0":{"start":{"line":1,"column":28},"end":{"line":4,"column":2}},"1":{"start":{"line":1,"column":41},"end":{"line":4,"column":1}},"2":{"start":{"line":6,"column":30},"end":{"line":9,"column":2}},"3":{"start":{"line":6,"column":45},"end":{"line":9,"column":1}},"4":{"start":{"line":11,"column":34},"end":{"line":14,"column":2}},"5":{"start":{"line":11,"column":45},"end":{"line":14,"column":1}},"6":{"start":{"line":16,"column":28},"end":{"line":19,"column":2}},"7":{"start":{"line":16,"column":41},"end":{"line":19,"column":1}},"8":{"start":{"line":21,"column":26},"end":{"line":23,"column":2}},"9":{"start":{"line":21,"column":33},"end":{"line":23,"column":1}},"10":{"start":{"line":25,"column":32},"end":{"line":28,"column":2}},"11":{"start":{"line":25,"column":49},"end":{"line":28,"column":1}},"12":{"start":{"line":30,"column":23},"end":{"line":32,"column":2}},"13":{"start":{"line":30,"column":30},"end":{"line":32,"column":1}}},"fnMap":{"0":{"name":"(anonymous_0)","decl":{"start":{"line":1,"column":28},"end":{"line":1,"column":29}},"loc":{"start":{"line":1,"column":41},"end":{"line":4,"column":1}},"line":1},"1":{"name":"(anonymous_1)","decl":{"start":{"line":6,"column":30},"end":{"line":6,"column":31}},"loc":{"start":{"line":6,"column":45},"end":{"line":9,"column":1}},"line":6},"2":{"name":"(anonymous_2)","decl":{"start":{"line":11,"column":34},"end":{"line":11,"column":35}},"loc":{"start":{"line":11,"column":45},"end":{"line":14,"column":1}},"line":11},"3":{"name":"(anonymous_3)","decl":{"start":{"line":16,"column":28},"end":{"line":16,"column":29}},"loc":{"start":{"line":16,"column":41},"end":{"line":19,"column":1}},"line":16},"4":{"name":"(anonymous_4)","decl":{"start":{"line":21,"column":26},"end":{"line":21,"column":27}},"loc":{"start":{"line":21,"column":33},"end":{"line":23,"column":1}},"line":21},"5":{"name":"(anonymous_5)","decl":{"start":{"line":25,"column":32},"end":{"line":25,"column":33}},"loc":{"start":{"line":25,"column":49},"end":{"line":28,"column":1}},"line":25},"6":{"name":"(anonymous_6)","decl":{"start":{"line":30,"column":23},"end":{"line":30,"column":24}},"loc":{"start":{"line":30,"column":30},"end":{"line":32,"column":1}},"line":30}},"branchMap":{},"s":{"0":6,"1":0,"2":6,"3":0,"4":6,"5":0,"6":6,"7":0,"8":6,"9":0,"10":6,"11":0,"12":6,"13":0},"f":{"0":0,"1":0,"2":0,"3":0,"4":0,"5":0,"6":0},"b":{},"_coverageSchema":"43e27e138ebf9cfc5966b082cf9a028302ed4184","hash":"5ea628182d06b945133776b6a9c5ae53b8ab39d3"}
,"C:\\Users\\Aliaksei_Kazlou\\Documents\\ReactSandbox\\MoviesWiki\\src\\components\\App.js": {"path":"C:\\Users\\Aliaksei_Kazlou\\Documents\\ReactSandbox\\MoviesWiki\\src\\components\\App.js","statementMap":{"0":{"start":{"line":14,"column":8},"end":{"line":14,"column":21}},"1":{"start":{"line":16,"column":8},"end":{"line":55,"column":10}},"2":{"start":{"line":59,"column":8},"end":{"line":66,"column":23}}},"fnMap":{"0":{"name":"(anonymous_0)","decl":{"start":{"line":13,"column":1},"end":{"line":13,"column":2}},"loc":{"start":{"line":13,"column":20},"end":{"line":56,"column":2}},"line":13},"1":{"name":"(anonymous_1)","decl":{"start":{"line":58,"column":4},"end":{"line":58,"column":5}},"loc":{"start":{"line":58,"column":13},"end":{"line":67,"column":5}},"line":58}},"branchMap":{},"s":{"0":1,"1":1,"2":1},"f":{"0":1,"1":1},"b":{},"_coverageSchema":"43e27e138ebf9cfc5966b082cf9a028302ed4184","hash":"ae61c2c82db1167a7d7b387043440b5903a392fb"}
,"C:\\Users\\Aliaksei_Kazlou\\Documents\\ReactSandbox\\MoviesWiki\\src\\components\\DetailsView.js": {"path":"C:\\Users\\Aliaksei_Kazlou\\Documents\\ReactSandbox\\MoviesWiki\\src\\components\\DetailsView.js","statementMap":{"0":{"start":{"line":16,"column":8},"end":{"line":16,"column":21}},"1":{"start":{"line":20,"column":8},"end":{"line":41,"column":10}},"2":{"start":{"line":46,"column":29},"end":{"line":46,"column":48}},"3":{"start":{"line":48,"column":4},"end":{"line":50,"column":6}}},"fnMap":{"0":{"name":"(anonymous_0)","decl":{"start":{"line":15,"column":4},"end":{"line":15,"column":5}},"loc":{"start":{"line":15,"column":23},"end":{"line":17,"column":5}},"line":15},"1":{"name":"(anonymous_1)","decl":{"start":{"line":19,"column":4},"end":{"line":19,"column":5}},"loc":{"start":{"line":19,"column":13},"end":{"line":42,"column":5}},"line":19},"2":{"name":"mapStateToProps","decl":{"start":{"line":45,"column":9},"end":{"line":45,"column":24}},"loc":{"start":{"line":45,"column":31},"end":{"line":51,"column":1}},"line":45}},"branchMap":{},"s":{"0":0,"1":0,"2":0,"3":0},"f":{"0":0,"1":0,"2":0},"b":{},"_coverageSchema":"43e27e138ebf9cfc5966b082cf9a028302ed4184","hash":"47319f50aec6fc831478e4f2d6bd61b818695c25"}
,"C:\\Users\\Aliaksei_Kazlou\\Documents\\ReactSandbox\\MoviesWiki\\src\\components\\Footer.js": {"path":"C:\\Users\\Aliaksei_Kazlou\\Documents\\ReactSandbox\\MoviesWiki\\src\\components\\Footer.js","statementMap":{"0":{"start":{"line":5,"column":15},"end":{"line":9,"column":3}},"1":{"start":{"line":6,"column":4},"end":{"line":8,"column":19}}},"fnMap":{"0":{"name":"(anonymous_0)","decl":{"start":{"line":5,"column":15},"end":{"line":5,"column":16}},"loc":{"start":{"line":5,"column":31},"end":{"line":9,"column":3}},"line":5}},"branchMap":{},"s":{"0":2,"1":1},"f":{"0":1},"b":{},"_coverageSchema":"43e27e138ebf9cfc5966b082cf9a028302ed4184","hash":"b8f13081c7a244cc2dbfb1af0ecf0cc01df10a16"}
,"C:\\Users\\Aliaksei_Kazlou\\Documents\\ReactSandbox\\MoviesWiki\\src\\components\\Header.js": {"path":"C:\\Users\\Aliaksei_Kazlou\\Documents\\ReactSandbox\\MoviesWiki\\src\\components\\Header.js","statementMap":{"0":{"start":{"line":7,"column":15},"end":{"line":16,"column":1}},"1":{"start":{"line":8,"column":4},"end":{"line":15,"column":6}}},"fnMap":{"0":{"name":"(anonymous_0)","decl":{"start":{"line":7,"column":15},"end":{"line":7,"column":16}},"loc":{"start":{"line":7,"column":31},"end":{"line":16,"column":1}},"line":7}},"branchMap":{},"s":{"0":2,"1":1},"f":{"0":1},"b":{},"_coverageSchema":"43e27e138ebf9cfc5966b082cf9a028302ed4184","hash":"419d4bdedafcecddb7d434957db230effb137a55"}
,"C:\\Users\\Aliaksei_Kazlou\\Documents\\ReactSandbox\\MoviesWiki\\src\\components\\ResultsBody.js": {"path":"C:\\Users\\Aliaksei_Kazlou\\Documents\\ReactSandbox\\MoviesWiki\\src\\components\\ResultsBody.js","statementMap":{"0":{"start":{"line":14,"column":8},"end":{"line":14,"column":21}},"1":{"start":{"line":18,"column":8},"end":{"line":28,"column":9}},"2":{"start":{"line":19,"column":23},"end":{"line":19,"column":33}},"3":{"start":{"line":22,"column":16},"end":{"line":22,"column":52}},"4":{"start":{"line":23,"column":16},"end":{"line":23,"column":66}},"5":{"start":{"line":34,"column":8},"end":{"line":50,"column":9}},"6":{"start":{"line":35,"column":12},"end":{"line":47,"column":21}},"7":{"start":{"line":49,"column":12},"end":{"line":49,"column":43}},"8":{"start":{"line":52,"column":8},"end":{"line":56,"column":10}},"9":{"start":{"line":61,"column":4},"end":{"line":73,"column":5}},"10":{"start":{"line":63,"column":13},"end":{"line":63,"column":43}},"11":{"start":{"line":64,"column":13},"end":{"line":64,"column":35}},"12":{"start":{"line":67,"column":12},"end":{"line":67,"column":42}},"13":{"start":{"line":68,"column":12},"end":{"line":68,"column":34}},"14":{"start":{"line":71,"column":12},"end":{"line":71,"column":46}},"15":{"start":{"line":77,"column":48},"end":{"line":77,"column":67}},"16":{"start":{"line":79,"column":4},"end":{"line":84,"column":6}}},"fnMap":{"0":{"name":"(anonymous_0)","decl":{"start":{"line":13,"column":4},"end":{"line":13,"column":5}},"loc":{"start":{"line":13,"column":23},"end":{"line":15,"column":5}},"line":13},"1":{"name":"(anonymous_1)","decl":{"start":{"line":17,"column":4},"end":{"line":17,"column":5}},"loc":{"start":{"line":17,"column":24},"end":{"line":29,"column":5}},"line":17},"2":{"name":"(anonymous_2)","decl":{"start":{"line":19,"column":16},"end":{"line":19,"column":17}},"loc":{"start":{"line":19,"column":23},"end":{"line":19,"column":33}},"line":19},"3":{"name":"(anonymous_3)","decl":{"start":{"line":21,"column":12},"end":{"line":21,"column":13}},"loc":{"start":{"line":21,"column":24},"end":{"line":24,"column":13}},"line":21},"4":{"name":"(anonymous_4)","decl":{"start":{"line":25,"column":12},"end":{"line":25,"column":13}},"loc":{"start":{"line":25,"column":23},"end":{"line":27,"column":13}},"line":25},"5":{"name":"(anonymous_5)","decl":{"start":{"line":31,"column":4},"end":{"line":31,"column":5}},"loc":{"start":{"line":31,"column":13},"end":{"line":57,"column":5}},"line":31},"6":{"name":"mapDispatchToProps","decl":{"start":{"line":60,"column":9},"end":{"line":60,"column":27}},"loc":{"start":{"line":60,"column":38},"end":{"line":74,"column":1}},"line":60},"7":{"name":"(anonymous_7)","decl":{"start":{"line":62,"column":27},"end":{"line":62,"column":28}},"loc":{"start":{"line":62,"column":39},"end":{"line":65,"column":10}},"line":62},"8":{"name":"(anonymous_8)","decl":{"start":{"line":66,"column":29},"end":{"line":66,"column":30}},"loc":{"start":{"line":66,"column":41},"end":{"line":69,"column":9}},"line":66},"9":{"name":"(anonymous_9)","decl":{"start":{"line":70,"column":32},"end":{"line":70,"column":33}},"loc":{"start":{"line":70,"column":42},"end":{"line":72,"column":9}},"line":70},"10":{"name":"mapStateToProps","decl":{"start":{"line":76,"column":9},"end":{"line":76,"column":24}},"loc":{"start":{"line":76,"column":31},"end":{"line":85,"column":1}},"line":76}},"branchMap":{"0":{"loc":{"start":{"line":34,"column":8},"end":{"line":50,"column":9}},"type":"if","locations":[{"start":{"line":34,"column":8},"end":{"line":50,"column":9}},{"start":{"line":34,"column":8},"end":{"line":50,"column":9}}],"line":34}},"s":{"0":0,"1":0,"2":0,"3":0,"4":0,"5":0,"6":0,"7":0,"8":0,"9":0,"10":0,"11":0,"12":0,"13":0,"14":0,"15":0,"16":0},"f":{"0":0,"1":0,"2":0,"3":0,"4":0,"5":0,"6":0,"7":0,"8":0,"9":0,"10":0},"b":{"0":[0,0]},"_coverageSchema":"43e27e138ebf9cfc5966b082cf9a028302ed4184","hash":"a83ee9fc139e79cbe33b46c9ac8539c4d0ecb87e"}
,"C:\\Users\\Aliaksei_Kazlou\\Documents\\ReactSandbox\\MoviesWiki\\src\\components\\Common\\BackButton.js": {"path":"C:\\Users\\Aliaksei_Kazlou\\Documents\\ReactSandbox\\MoviesWiki\\src\\components\\Common\\BackButton.js","statementMap":{"0":{"start":{"line":5,"column":19},"end":{"line":7,"column":1}},"1":{"start":{"line":6,"column":4},"end":{"line":6,"column":62}}},"fnMap":{"0":{"name":"(anonymous_0)","decl":{"start":{"line":5,"column":19},"end":{"line":5,"column":20}},"loc":{"start":{"line":5,"column":39},"end":{"line":7,"column":1}},"line":5}},"branchMap":{},"s":{"0":3,"1":1},"f":{"0":1},"b":{},"_coverageSchema":"43e27e138ebf9cfc5966b082cf9a028302ed4184","hash":"d0d9555e33ae0b020c310c74c5e627efd9bfb3b7"}
,"C:\\Users\\Aliaksei_Kazlou\\Documents\\ReactSandbox\\MoviesWiki\\src\\components\\Common\\CustomOptionList.js": {"path":"C:\\Users\\Aliaksei_Kazlou\\Documents\\ReactSandbox\\MoviesWiki\\src\\components\\Common\\CustomOptionList.js","statementMap":{"0":{"start":{"line":8,"column":8},"end":{"line":8,"column":21}},"1":{"start":{"line":10,"column":8},"end":{"line":10,"column":82}},"2":{"start":{"line":12,"column":8},"end":{"line":12,"column":55}},"3":{"start":{"line":16,"column":8},"end":{"line":16,"column":86}},"4":{"start":{"line":17,"column":8},"end":{"line":17,"column":77}},"5":{"start":{"line":21,"column":22},"end":{"line":21,"column":47}},"6":{"start":{"line":23,"column":26},"end":{"line":23,"column":28}},"7":{"start":{"line":25,"column":8},"end":{"line":30,"column":11}},"8":{"start":{"line":26,"column":23},"end":{"line":26,"column":39}},"9":{"start":{"line":27,"column":29},"end":{"line":27,"column":106}},"10":{"start":{"line":29,"column":12},"end":{"line":29,"column":151}},"11":{"start":{"line":32,"column":8},"end":{"line":37,"column":10}}},"fnMap":{"0":{"name":"(anonymous_0)","decl":{"start":{"line":7,"column":4},"end":{"line":7,"column":5}},"loc":{"start":{"line":7,"column":23},"end":{"line":13,"column":5}},"line":7},"1":{"name":"(anonymous_1)","decl":{"start":{"line":15,"column":4},"end":{"line":15,"column":5}},"loc":{"start":{"line":15,"column":19},"end":{"line":18,"column":5}},"line":15},"2":{"name":"(anonymous_2)","decl":{"start":{"line":20,"column":4},"end":{"line":20,"column":5}},"loc":{"start":{"line":20,"column":13},"end":{"line":38,"column":5}},"line":20},"3":{"name":"(anonymous_3)","decl":{"start":{"line":25,"column":20},"end":{"line":25,"column":21}},"loc":{"start":{"line":25,"column":39},"end":{"line":30,"column":9}},"line":25}},"branchMap":{"0":{"loc":{"start":{"line":27,"column":44},"end":{"line":27,"column":105}},"type":"cond-expr","locations":[{"start":{"line":27,"column":79},"end":{"line":27,"column":100}},{"start":{"line":27,"column":103},"end":{"line":27,"column":105}}],"line":27}},"s":{"0":3,"1":3,"2":3,"3":2,"4":2,"5":5,"6":5,"7":5,"8":10,"9":10,"10":10,"11":5},"f":{"0":3,"1":2,"2":5,"3":10},"b":{"0":[5,5]},"_coverageSchema":"43e27e138ebf9cfc5966b082cf9a028302ed4184","hash":"158086c7947186c5c243de16b612779b7f6d4c96"}
,"C:\\Users\\Aliaksei_Kazlou\\Documents\\ReactSandbox\\MoviesWiki\\src\\components\\Common\\Description.js": {"path":"C:\\Users\\Aliaksei_Kazlou\\Documents\\ReactSandbox\\MoviesWiki\\src\\components\\Common\\Description.js","statementMap":{"0":{"start":{"line":3,"column":20},"end":{"line":7,"column":1}},"1":{"start":{"line":4,"column":4},"end":{"line":6,"column":19}}},"fnMap":{"0":{"name":"(anonymous_0)","decl":{"start":{"line":3,"column":20},"end":{"line":3,"column":21}},"loc":{"start":{"line":3,"column":41},"end":{"line":7,"column":1}},"line":3}},"branchMap":{},"s":{"0":3,"1":1},"f":{"0":1},"b":{},"_coverageSchema":"43e27e138ebf9cfc5966b082cf9a028302ed4184","hash":"cbb6213b253778f11beadac2588c3a7347017c66"}
,"C:\\Users\\Aliaksei_Kazlou\\Documents\\ReactSandbox\\MoviesWiki\\src\\components\\Common\\DetailsTitle.js": {"path":"C:\\Users\\Aliaksei_Kazlou\\Documents\\ReactSandbox\\MoviesWiki\\src\\components\\Common\\DetailsTitle.js","statementMap":{"0":{"start":{"line":5,"column":21},"end":{"line":9,"column":1}},"1":{"start":{"line":6,"column":4},"end":{"line":8,"column":19}}},"fnMap":{"0":{"name":"(anonymous_0)","decl":{"start":{"line":5,"column":21},"end":{"line":5,"column":22}},"loc":{"start":{"line":5,"column":35},"end":{"line":9,"column":1}},"line":5}},"branchMap":{},"s":{"0":3,"1":1},"f":{"0":1},"b":{},"_coverageSchema":"43e27e138ebf9cfc5966b082cf9a028302ed4184","hash":"29911bb6f29b49f5d67a5fbbae09b4b990d443fa"}
,"C:\\Users\\Aliaksei_Kazlou\\Documents\\ReactSandbox\\MoviesWiki\\src\\components\\Common\\Genre.js": {"path":"C:\\Users\\Aliaksei_Kazlou\\Documents\\ReactSandbox\\MoviesWiki\\src\\components\\Common\\Genre.js","statementMap":{"0":{"start":{"line":5,"column":14},"end":{"line":9,"column":1}},"1":{"start":{"line":6,"column":4},"end":{"line":8,"column":19}}},"fnMap":{"0":{"name":"(anonymous_0)","decl":{"start":{"line":5,"column":14},"end":{"line":5,"column":15}},"loc":{"start":{"line":5,"column":29},"end":{"line":9,"column":1}},"line":5}},"branchMap":{},"s":{"0":5,"1":4},"f":{"0":4},"b":{},"_coverageSchema":"43e27e138ebf9cfc5966b082cf9a028302ed4184","hash":"c44a1d2dcb08919dfe5b989bd007a9e9a2e55528"}
,"C:\\Users\\Aliaksei_Kazlou\\Documents\\ReactSandbox\\MoviesWiki\\src\\components\\Common\\Image.js": {"path":"C:\\Users\\Aliaksei_Kazlou\\Documents\\ReactSandbox\\MoviesWiki\\src\\components\\Common\\Image.js","statementMap":{"0":{"start":{"line":5,"column":14},"end":{"line":9,"column":1}},"1":{"start":{"line":6,"column":4},"end":{"line":8,"column":19}}},"fnMap":{"0":{"name":"(anonymous_0)","decl":{"start":{"line":5,"column":14},"end":{"line":5,"column":15}},"loc":{"start":{"line":5,"column":29},"end":{"line":9,"column":1}},"line":5}},"branchMap":{},"s":{"0":6,"1":4},"f":{"0":4},"b":{},"_coverageSchema":"43e27e138ebf9cfc5966b082cf9a028302ed4184","hash":"6c7dc6f5c366385e62ee048ba7e412be9de1d0f8"}
,"C:\\Users\\Aliaksei_Kazlou\\Documents\\ReactSandbox\\MoviesWiki\\src\\components\\Common\\Rating.js": {"path":"C:\\Users\\Aliaksei_Kazlou\\Documents\\ReactSandbox\\MoviesWiki\\src\\components\\Common\\Rating.js","statementMap":{"0":{"start":{"line":5,"column":15},"end":{"line":11,"column":1}},"1":{"start":{"line":6,"column":4},"end":{"line":10,"column":7}},"2":{"start":{"line":7,"column":8},"end":{"line":9,"column":22}}},"fnMap":{"0":{"name":"(anonymous_0)","decl":{"start":{"line":5,"column":15},"end":{"line":5,"column":16}},"loc":{"start":{"line":5,"column":31},"end":{"line":11,"column":1}},"line":5},"1":{"name":"(anonymous_1)","decl":{"start":{"line":6,"column":19},"end":{"line":6,"column":20}},"loc":{"start":{"line":6,"column":24},"end":{"line":10,"column":5}},"line":6}},"branchMap":{},"s":{"0":4,"1":1,"2":1},"f":{"0":1,"1":1},"b":{},"_coverageSchema":"43e27e138ebf9cfc5966b082cf9a028302ed4184","hash":"4f232d4e8175a83fa0caacf4482b539831cde72e"}
,"C:\\Users\\Aliaksei_Kazlou\\Documents\\ReactSandbox\\MoviesWiki\\src\\components\\Common\\ReleaseDate.js": {"path":"C:\\Users\\Aliaksei_Kazlou\\Documents\\ReactSandbox\\MoviesWiki\\src\\components\\Common\\ReleaseDate.js","statementMap":{"0":{"start":{"line":5,"column":20},"end":{"line":9,"column":1}},"1":{"start":{"line":6,"column":4},"end":{"line":8,"column":19}}},"fnMap":{"0":{"name":"(anonymous_0)","decl":{"start":{"line":5,"column":20},"end":{"line":5,"column":21}},"loc":{"start":{"line":5,"column":41},"end":{"line":9,"column":1}},"line":5}},"branchMap":{},"s":{"0":5,"1":4},"f":{"0":4},"b":{},"_coverageSchema":"43e27e138ebf9cfc5966b082cf9a028302ed4184","hash":"816befe40e6b7cad24e30ee7e402c1a40014547f"}
,"C:\\Users\\Aliaksei_Kazlou\\Documents\\ReactSandbox\\MoviesWiki\\src\\components\\Common\\ResultsCount.js": {"path":"C:\\Users\\Aliaksei_Kazlou\\Documents\\ReactSandbox\\MoviesWiki\\src\\components\\Common\\ResultsCount.js","statementMap":{"0":{"start":{"line":5,"column":21},"end":{"line":9,"column":1}},"1":{"start":{"line":6,"column":4},"end":{"line":8,"column":19}}},"fnMap":{"0":{"name":"(anonymous_0)","decl":{"start":{"line":5,"column":21},"end":{"line":5,"column":22}},"loc":{"start":{"line":5,"column":43},"end":{"line":9,"column":1}},"line":5}},"branchMap":{},"s":{"0":3,"1":1},"f":{"0":1},"b":{},"_coverageSchema":"43e27e138ebf9cfc5966b082cf9a028302ed4184","hash":"d181b01e805a28b06b753a5c3629d362c2024737"}
,"C:\\Users\\Aliaksei_Kazlou\\Documents\\ReactSandbox\\MoviesWiki\\src\\components\\Common\\Spinner.js": {"path":"C:\\Users\\Aliaksei_Kazlou\\Documents\\ReactSandbox\\MoviesWiki\\src\\components\\Common\\Spinner.js","statementMap":{"0":{"start":{"line":5,"column":16},"end":{"line":14,"column":1}},"1":{"start":{"line":6,"column":4},"end":{"line":12,"column":19}}},"fnMap":{"0":{"name":"(anonymous_0)","decl":{"start":{"line":5,"column":16},"end":{"line":5,"column":17}},"loc":{"start":{"line":5,"column":22},"end":{"line":14,"column":1}},"line":5}},"branchMap":{},"s":{"0":3,"1":1},"f":{"0":1},"b":{},"_coverageSchema":"43e27e138ebf9cfc5966b082cf9a028302ed4184","hash":"d112cb11727ad9e32a154bfb364c823aba1fafb2"}
,"C:\\Users\\Aliaksei_Kazlou\\Documents\\ReactSandbox\\MoviesWiki\\src\\components\\Common\\Title.js": {"path":"C:\\Users\\Aliaksei_Kazlou\\Documents\\ReactSandbox\\MoviesWiki\\src\\components\\Common\\Title.js","statementMap":{"0":{"start":{"line":5,"column":14},"end":{"line":9,"column":1}},"1":{"start":{"line":6,"column":4},"end":{"line":8,"column":19}}},"fnMap":{"0":{"name":"(anonymous_0)","decl":{"start":{"line":5,"column":14},"end":{"line":5,"column":15}},"loc":{"start":{"line":5,"column":29},"end":{"line":9,"column":1}},"line":5}},"branchMap":{},"s":{"0":5,"1":4},"f":{"0":4},"b":{},"_coverageSchema":"43e27e138ebf9cfc5966b082cf9a028302ed4184","hash":"145e8846c5ec96c883ff4832b89a05750e087cd6"}
,"C:\\Users\\Aliaksei_Kazlou\\Documents\\ReactSandbox\\MoviesWiki\\src\\components\\Common\\YearAndDuration.js": {"path":"C:\\Users\\Aliaksei_Kazlou\\Documents\\ReactSandbox\\MoviesWiki\\src\\components\\Common\\YearAndDuration.js","statementMap":{"0":{"start":{"line":5,"column":24},"end":{"line":16,"column":1}},"1":{"start":{"line":6,"column":4},"end":{"line":15,"column":16}}},"fnMap":{"0":{"name":"(anonymous_0)","decl":{"start":{"line":5,"column":24},"end":{"line":5,"column":25}},"loc":{"start":{"line":5,"column":47},"end":{"line":16,"column":1}},"line":5}},"branchMap":{},"s":{"0":3,"1":1},"f":{"0":1},"b":{},"_coverageSchema":"43e27e138ebf9cfc5966b082cf9a028302ed4184","hash":"2fa1dc2f576da0ce89c7264ea004991bb156f4e1"}
,"C:\\Users\\Aliaksei_Kazlou\\Documents\\ReactSandbox\\MoviesWiki\\src\\components\\Container\\ItemBody.js": {"path":"C:\\Users\\Aliaksei_Kazlou\\Documents\\ReactSandbox\\MoviesWiki\\src\\components\\Container\\ItemBody.js","statementMap":{"0":{"start":{"line":14,"column":8},"end":{"line":14,"column":21}},"1":{"start":{"line":16,"column":8},"end":{"line":16,"column":55}},"2":{"start":{"line":20,"column":8},"end":{"line":20,"column":59}},"3":{"start":{"line":24,"column":8},"end":{"line":31,"column":10}},"4":{"start":{"line":36,"column":4},"end":{"line":40,"column":5}},"5":{"start":{"line":38,"column":13},"end":{"line":38,"column":47}}},"fnMap":{"0":{"name":"(anonymous_0)","decl":{"start":{"line":13,"column":4},"end":{"line":13,"column":5}},"loc":{"start":{"line":13,"column":23},"end":{"line":17,"column":5}},"line":13},"1":{"name":"(anonymous_1)","decl":{"start":{"line":19,"column":4},"end":{"line":19,"column":5}},"loc":{"start":{"line":19,"column":19},"end":{"line":21,"column":5}},"line":19},"2":{"name":"(anonymous_2)","decl":{"start":{"line":23,"column":4},"end":{"line":23,"column":5}},"loc":{"start":{"line":23,"column":13},"end":{"line":32,"column":5}},"line":23},"3":{"name":"mapDispatchToProps","decl":{"start":{"line":35,"column":9},"end":{"line":35,"column":27}},"loc":{"start":{"line":35,"column":38},"end":{"line":41,"column":1}},"line":35},"4":{"name":"(anonymous_4)","decl":{"start":{"line":37,"column":33},"end":{"line":37,"column":34}},"loc":{"start":{"line":37,"column":43},"end":{"line":39,"column":10}},"line":37}},"branchMap":{},"s":{"0":3,"1":3,"2":0,"3":3,"4":3,"5":0},"f":{"0":3,"1":0,"2":3,"3":3,"4":0},"b":{},"_coverageSchema":"43e27e138ebf9cfc5966b082cf9a028302ed4184","hash":"c203543041a2d09931ae7c691534ba59bb22c210"}
,"C:\\Users\\Aliaksei_Kazlou\\Documents\\ReactSandbox\\MoviesWiki\\src\\components\\Container\\ItemsContainer.js": {"path":"C:\\Users\\Aliaksei_Kazlou\\Documents\\ReactSandbox\\MoviesWiki\\src\\components\\Container\\ItemsContainer.js","statementMap":{"0":{"start":{"line":8,"column":23},"end":{"line":33,"column":1}},"1":{"start":{"line":11,"column":27},"end":{"line":11,"column":29}},"2":{"start":{"line":13,"column":8},"end":{"line":15,"column":11}},"3":{"start":{"line":14,"column":12},"end":{"line":14,"column":67}},"4":{"start":{"line":17,"column":8},"end":{"line":17,"column":28}},"5":{"start":{"line":22,"column":4},"end":{"line":26,"column":5}},"6":{"start":{"line":23,"column":8},"end":{"line":23,"column":35}},"7":{"start":{"line":25,"column":8},"end":{"line":25,"column":34}},"8":{"start":{"line":28,"column":4},"end":{"line":32,"column":6}}},"fnMap":{"0":{"name":"(anonymous_0)","decl":{"start":{"line":8,"column":23},"end":{"line":8,"column":24}},"loc":{"start":{"line":8,"column":38},"end":{"line":33,"column":1}},"line":8},"1":{"name":"getDivTable","decl":{"start":{"line":10,"column":13},"end":{"line":10,"column":24}},"loc":{"start":{"line":10,"column":32},"end":{"line":18,"column":5}},"line":10},"2":{"name":"(anonymous_2)","decl":{"start":{"line":13,"column":18},"end":{"line":13,"column":19}},"loc":{"start":{"line":13,"column":35},"end":{"line":15,"column":9}},"line":13}},"branchMap":{"0":{"loc":{"start":{"line":22,"column":4},"end":{"line":26,"column":5}},"type":"if","locations":[{"start":{"line":22,"column":4},"end":{"line":26,"column":5}},{"start":{"line":22,"column":4},"end":{"line":26,"column":5}}],"line":22}},"s":{"0":3,"1":1,"2":1,"3":3,"4":1,"5":2,"6":1,"7":1,"8":2},"f":{"0":2,"1":1,"2":3},"b":{"0":[1,1]},"_coverageSchema":"43e27e138ebf9cfc5966b082cf9a028302ed4184","hash":"4fdac6208b77ea26b6afb106a55a7ab4656e06c2"}
,"C:\\Users\\Aliaksei_Kazlou\\Documents\\ReactSandbox\\MoviesWiki\\src\\components\\Container\\NoItemLabel.js": {"path":"C:\\Users\\Aliaksei_Kazlou\\Documents\\ReactSandbox\\MoviesWiki\\src\\components\\Container\\NoItemLabel.js","statementMap":{"0":{"start":{"line":5,"column":20},"end":{"line":9,"column":1}},"1":{"start":{"line":6,"column":4},"end":{"line":8,"column":19}}},"fnMap":{"0":{"name":"(anonymous_0)","decl":{"start":{"line":5,"column":20},"end":{"line":5,"column":21}},"loc":{"start":{"line":5,"column":26},"end":{"line":9,"column":1}},"line":5}},"branchMap":{},"s":{"0":4,"1":2},"f":{"0":2},"b":{},"_coverageSchema":"43e27e138ebf9cfc5966b082cf9a028302ed4184","hash":"de4b4e9b5511ef5a0a3f8439cbafec33e68fb5b8"}
,"C:\\Users\\Aliaksei_Kazlou\\Documents\\ReactSandbox\\MoviesWiki\\src\\components\\Error\\ErrorBoundary.js": {"path":"C:\\Users\\Aliaksei_Kazlou\\Documents\\ReactSandbox\\MoviesWiki\\src\\components\\Error\\ErrorBoundary.js","statementMap":{"0":{"start":{"line":7,"column":8},"end":{"line":7,"column":21}},"1":{"start":{"line":8,"column":8},"end":{"line":8,"column":41}},"2":{"start":{"line":13,"column":8},"end":{"line":13,"column":34}},"3":{"start":{"line":23,"column":8},"end":{"line":26,"column":9}},"4":{"start":{"line":25,"column":12},"end":{"line":25,"column":89}},"5":{"start":{"line":28,"column":8},"end":{"line":28,"column":35}}},"fnMap":{"0":{"name":"(anonymous_0)","decl":{"start":{"line":6,"column":4},"end":{"line":6,"column":5}},"loc":{"start":{"line":6,"column":23},"end":{"line":9,"column":5}},"line":6},"1":{"name":"(anonymous_1)","decl":{"start":{"line":11,"column":4},"end":{"line":11,"column":5}},"loc":{"start":{"line":11,"column":43},"end":{"line":14,"column":5}},"line":11},"2":{"name":"(anonymous_2)","decl":{"start":{"line":16,"column":4},"end":{"line":16,"column":5}},"loc":{"start":{"line":16,"column":40},"end":{"line":20,"column":5}},"line":16},"3":{"name":"(anonymous_3)","decl":{"start":{"line":22,"column":4},"end":{"line":22,"column":5}},"loc":{"start":{"line":22,"column":13},"end":{"line":29,"column":5}},"line":22}},"branchMap":{"0":{"loc":{"start":{"line":23,"column":8},"end":{"line":26,"column":9}},"type":"if","locations":[{"start":{"line":23,"column":8},"end":{"line":26,"column":9}},{"start":{"line":23,"column":8},"end":{"line":26,"column":9}}],"line":23}},"s":{"0":2,"1":2,"2":1,"3":3,"4":1,"5":2},"f":{"0":2,"1":1,"2":1,"3":3},"b":{"0":[1,2]},"_coverageSchema":"43e27e138ebf9cfc5966b082cf9a028302ed4184","hash":"6d500d88d9d8ddd995824683cd0d17186331d274"}
,"C:\\Users\\Aliaksei_Kazlou\\Documents\\ReactSandbox\\MoviesWiki\\src\\components\\Search\\Search.js": {"path":"C:\\Users\\Aliaksei_Kazlou\\Documents\\ReactSandbox\\MoviesWiki\\src\\components\\Search\\Search.js","statementMap":{"0":{"start":{"line":13,"column":8},"end":{"line":13,"column":21}},"1":{"start":{"line":17,"column":8},"end":{"line":17,"column":87}},"2":{"start":{"line":21,"column":8},"end":{"line":29,"column":10}},"3":{"start":{"line":25,"column":94},"end":{"line":25,"column":113}},"4":{"start":{"line":34,"column":4},"end":{"line":56,"column":5}},"5":{"start":{"line":36,"column":13},"end":{"line":36,"column":51}},"6":{"start":{"line":39,"column":12},"end":{"line":39,"column":46}},"7":{"start":{"line":42,"column":12},"end":{"line":42,"column":31}},"8":{"start":{"line":44,"column":22},"end":{"line":44,"column":140}},"9":{"start":{"line":46,"column":12},"end":{"line":54,"column":18}},"10":{"start":{"line":47,"column":25},"end":{"line":47,"column":35}},"11":{"start":{"line":50,"column":20},"end":{"line":50,"column":51}},"12":{"start":{"line":60,"column":62},"end":{"line":60,"column":81}},"13":{"start":{"line":62,"column":4},"end":{"line":68,"column":6}}},"fnMap":{"0":{"name":"(anonymous_0)","decl":{"start":{"line":12,"column":4},"end":{"line":12,"column":5}},"loc":{"start":{"line":12,"column":23},"end":{"line":14,"column":5}},"line":12},"1":{"name":"(anonymous_1)","decl":{"start":{"line":16,"column":4},"end":{"line":16,"column":5}},"loc":{"start":{"line":16,"column":19},"end":{"line":18,"column":5}},"line":16},"2":{"name":"(anonymous_2)","decl":{"start":{"line":20,"column":4},"end":{"line":20,"column":5}},"loc":{"start":{"line":20,"column":13},"end":{"line":30,"column":5}},"line":20},"3":{"name":"(anonymous_3)","decl":{"start":{"line":25,"column":88},"end":{"line":25,"column":89}},"loc":{"start":{"line":25,"column":94},"end":{"line":25,"column":113}},"line":25},"4":{"name":"mapDispatchToProps","decl":{"start":{"line":33,"column":9},"end":{"line":33,"column":27}},"loc":{"start":{"line":33,"column":38},"end":{"line":57,"column":1}},"line":33},"5":{"name":"(anonymous_5)","decl":{"start":{"line":35,"column":31},"end":{"line":35,"column":32}},"loc":{"start":{"line":35,"column":47},"end":{"line":37,"column":10}},"line":35},"6":{"name":"(anonymous_6)","decl":{"start":{"line":38,"column":29},"end":{"line":38,"column":30}},"loc":{"start":{"line":38,"column":43},"end":{"line":40,"column":10}},"line":38},"7":{"name":"(anonymous_7)","decl":{"start":{"line":41,"column":34},"end":{"line":41,"column":35}},"loc":{"start":{"line":41,"column":60},"end":{"line":55,"column":9}},"line":41},"8":{"name":"(anonymous_8)","decl":{"start":{"line":47,"column":18},"end":{"line":47,"column":19}},"loc":{"start":{"line":47,"column":25},"end":{"line":47,"column":35}},"line":47},"9":{"name":"(anonymous_9)","decl":{"start":{"line":49,"column":16},"end":{"line":49,"column":17}},"loc":{"start":{"line":49,"column":28},"end":{"line":51,"column":17}},"line":49},"10":{"name":"(anonymous_10)","decl":{"start":{"line":52,"column":16},"end":{"line":52,"column":17}},"loc":{"start":{"line":52,"column":27},"end":{"line":54,"column":17}},"line":52},"11":{"name":"mapStateToProps","decl":{"start":{"line":59,"column":9},"end":{"line":59,"column":24}},"loc":{"start":{"line":59,"column":31},"end":{"line":69,"column":1}},"line":59}},"branchMap":{},"s":{"0":0,"1":0,"2":0,"3":0,"4":0,"5":0,"6":0,"7":0,"8":0,"9":0,"10":0,"11":0,"12":0,"13":0},"f":{"0":0,"1":0,"2":0,"3":0,"4":0,"5":0,"6":0,"7":0,"8":0,"9":0,"10":0,"11":0},"b":{},"_coverageSchema":"43e27e138ebf9cfc5966b082cf9a028302ed4184","hash":"58b3b62b1bfbdbf11725daf46a396132472aa901"}
,"C:\\Users\\Aliaksei_Kazlou\\Documents\\ReactSandbox\\MoviesWiki\\src\\components\\Search\\SearchButton.js": {"path":"C:\\Users\\Aliaksei_Kazlou\\Documents\\ReactSandbox\\MoviesWiki\\src\\components\\Search\\SearchButton.js","statementMap":{"0":{"start":{"line":5,"column":21},"end":{"line":7,"column":1}},"1":{"start":{"line":6,"column":4},"end":{"line":6,"column":97}},"2":{"start":{"line":6,"column":61},"end":{"line":6,"column":73}}},"fnMap":{"0":{"name":"(anonymous_0)","decl":{"start":{"line":5,"column":21},"end":{"line":5,"column":22}},"loc":{"start":{"line":5,"column":53},"end":{"line":7,"column":1}},"line":5},"1":{"name":"(anonymous_1)","decl":{"start":{"line":6,"column":55},"end":{"line":6,"column":56}},"loc":{"start":{"line":6,"column":61},"end":{"line":6,"column":73}},"line":6}},"branchMap":{},"s":{"0":4,"1":1,"2":0},"f":{"0":1,"1":0},"b":{},"_coverageSchema":"43e27e138ebf9cfc5966b082cf9a028302ed4184","hash":"e027fbdc94ae5b3180620a0e00861ba2bb6d3daf"}
,"C:\\Users\\Aliaksei_Kazlou\\Documents\\ReactSandbox\\MoviesWiki\\src\\components\\Search\\SearchField.js": {"path":"C:\\Users\\Aliaksei_Kazlou\\Documents\\ReactSandbox\\MoviesWiki\\src\\components\\Search\\SearchField.js","statementMap":{"0":{"start":{"line":5,"column":20},"end":{"line":7,"column":1}},"1":{"start":{"line":6,"column":4},"end":{"line":6,"column":142}},"2":{"start":{"line":6,"column":104},"end":{"line":6,"column":137}}},"fnMap":{"0":{"name":"(anonymous_0)","decl":{"start":{"line":5,"column":20},"end":{"line":5,"column":21}},"loc":{"start":{"line":5,"column":53},"end":{"line":7,"column":1}},"line":5},"1":{"name":"(anonymous_1)","decl":{"start":{"line":6,"column":97},"end":{"line":6,"column":98}},"loc":{"start":{"line":6,"column":104},"end":{"line":6,"column":137}},"line":6}},"branchMap":{},"s":{"0":4,"1":1,"2":0},"f":{"0":1,"1":0},"b":{},"_coverageSchema":"43e27e138ebf9cfc5966b082cf9a028302ed4184","hash":"f6b313081ad8808c09d3adda584d6f57f070d8ec"}
,"C:\\Users\\Aliaksei_Kazlou\\Documents\\ReactSandbox\\MoviesWiki\\src\\reducers\\index.js": {"path":"C:\\Users\\Aliaksei_Kazlou\\Documents\\ReactSandbox\\MoviesWiki\\src\\reducers\\index.js","statementMap":{},"fnMap":{},"branchMap":{},"s":{},"f":{},"b":{},"_coverageSchema":"43e27e138ebf9cfc5966b082cf9a028302ed4184","hash":"7d0f06940429d0534e30a91b811d74b4b280524a"}
,"C:\\Users\\Aliaksei_Kazlou\\Documents\\ReactSandbox\\MoviesWiki\\src\\reducers\\moviesReducer.js": {"path":"C:\\Users\\Aliaksei_Kazlou\\Documents\\ReactSandbox\\MoviesWiki\\src\\reducers\\moviesReducer.js","statementMap":{"0":{"start":{"line":1,"column":22},"end":{"line":73,"column":3}},"1":{"start":{"line":2,"column":4},"end":{"line":72,"column":5}},"2":{"start":{"line":4,"column":8},"end":{"line":7,"column":9}},"3":{"start":{"line":10,"column":9},"end":{"line":15,"column":9}},"4":{"start":{"line":18,"column":10},"end":{"line":21,"column":11}},"5":{"start":{"line":24,"column":10},"end":{"line":27,"column":11}},"6":{"start":{"line":30,"column":12},"end":{"line":33,"column":13}},"7":{"start":{"line":36,"column":10},"end":{"line":39,"column":11}},"8":{"start":{"line":43,"column":14},"end":{"line":45,"column":15}},"9":{"start":{"line":44,"column":16},"end":{"line":44,"column":26}},"10":{"start":{"line":46,"column":14},"end":{"line":48,"column":15}},"11":{"start":{"line":47,"column":16},"end":{"line":47,"column":25}},"12":{"start":{"line":49,"column":14},"end":{"line":49,"column":23}},"13":{"start":{"line":52,"column":12},"end":{"line":52,"column":41}},"14":{"start":{"line":54,"column":31},"end":{"line":54,"column":54}},"15":{"start":{"line":56,"column":12},"end":{"line":59,"column":13}},"16":{"start":{"line":62,"column":27},"end":{"line":70,"column":9}},"17":{"start":{"line":71,"column":8},"end":{"line":71,"column":27}}},"fnMap":{"0":{"name":"(anonymous_0)","decl":{"start":{"line":1,"column":22},"end":{"line":1,"column":23}},"loc":{"start":{"line":1,"column":46},"end":{"line":73,"column":3}},"line":1},"1":{"name":"compare","decl":{"start":{"line":42,"column":21},"end":{"line":42,"column":28}},"loc":{"start":{"line":42,"column":37},"end":{"line":50,"column":13}},"line":42}},"branchMap":{"0":{"loc":{"start":{"line":1,"column":23},"end":{"line":1,"column":33}},"type":"default-arg","locations":[{"start":{"line":1,"column":31},"end":{"line":1,"column":33}}],"line":1},"1":{"loc":{"start":{"line":2,"column":4},"end":{"line":72,"column":5}},"type":"switch","locations":[{"start":{"line":3,"column":6},"end":{"line":7,"column":9}},{"start":{"line":9,"column":7},"end":{"line":15,"column":9}},{"start":{"line":17,"column":8},"end":{"line":21,"column":11}},{"start":{"line":23,"column":8},"end":{"line":27,"column":11}},{"start":{"line":29,"column":8},"end":{"line":33,"column":13}},{"start":{"line":35,"column":8},"end":{"line":39,"column":11}},{"start":{"line":41,"column":8},"end":{"line":59,"column":13}},{"start":{"line":61,"column":6},"end":{"line":71,"column":27}}],"line":2},"2":{"loc":{"start":{"line":43,"column":14},"end":{"line":45,"column":15}},"type":"if","locations":[{"start":{"line":43,"column":14},"end":{"line":45,"column":15}},{"start":{"line":43,"column":14},"end":{"line":45,"column":15}}],"line":43},"3":{"loc":{"start":{"line":46,"column":14},"end":{"line":48,"column":15}},"type":"if","locations":[{"start":{"line":46,"column":14},"end":{"line":48,"column":15}},{"start":{"line":46,"column":14},"end":{"line":48,"column":15}}],"line":46}},"s":{"0":5,"1":16,"2":0,"3":0,"4":0,"5":0,"6":0,"7":0,"8":0,"9":0,"10":0,"11":0,"12":0,"13":0,"14":0,"15":0,"16":16,"17":16},"f":{"0":16,"1":0},"b":{"0":[13],"1":[0,0,0,0,0,0,0,16],"2":[0,0],"3":[0,0]},"_coverageSchema":"43e27e138ebf9cfc5966b082cf9a028302ed4184","hash":"bcace123f27009c17e1dc59ff8f5f519ce984f94"}
}
