{"C:\\Users\\User\\Documents\\GitHub\\ReactSandbox\\MoviesWiki\\src\\actions\\actionTypes.js": {"path":"C:\\Users\\User\\Documents\\GitHub\\ReactSandbox\\MoviesWiki\\src\\actions\\actionTypes.js","statementMap":{"0":{"start":{"line":1,"column":29},"end":{"line":1,"column":44}},"1":{"start":{"line":2,"column":32},"end":{"line":2,"column":50}},"2":{"start":{"line":3,"column":36},"end":{"line":3,"column":58}},"3":{"start":{"line":4,"column":30},"end":{"line":4,"column":46}},"4":{"start":{"line":5,"column":27},"end":{"line":5,"column":40}},"5":{"start":{"line":6,"column":34},"end":{"line":6,"column":54}},"6":{"start":{"line":7,"column":23},"end":{"line":7,"column":32}}},"fnMap":{},"branchMap":{},"s":{"0":9,"1":9,"2":9,"3":9,"4":9,"5":9,"6":9},"f":{},"b":{},"_coverageSchema":"43e27e138ebf9cfc5966b082cf9a028302ed4184","hash":"0e4aa00c7c1384edd60683373e967d5c2af1c365"}
,"C:\\Users\\User\\Documents\\GitHub\\ReactSandbox\\MoviesWiki\\src\\actions\\index.js": {"path":"C:\\Users\\User\\Documents\\GitHub\\ReactSandbox\\MoviesWiki\\src\\actions\\index.js","statementMap":{"0":{"start":{"line":3,"column":28},"end":{"line":6,"column":2}},"1":{"start":{"line":3,"column":41},"end":{"line":6,"column":1}},"2":{"start":{"line":8,"column":30},"end":{"line":11,"column":2}},"3":{"start":{"line":8,"column":45},"end":{"line":11,"column":1}},"4":{"start":{"line":13,"column":34},"end":{"line":16,"column":2}},"5":{"start":{"line":13,"column":45},"end":{"line":16,"column":1}},"6":{"start":{"line":18,"column":28},"end":{"line":21,"column":2}},"7":{"start":{"line":18,"column":41},"end":{"line":21,"column":1}},"8":{"start":{"line":23,"column":26},"end":{"line":25,"column":2}},"9":{"start":{"line":23,"column":33},"end":{"line":25,"column":1}},"10":{"start":{"line":27,"column":32},"end":{"line":30,"column":2}},"11":{"start":{"line":27,"column":49},"end":{"line":30,"column":1}},"12":{"start":{"line":32,"column":23},"end":{"line":34,"column":2}},"13":{"start":{"line":32,"column":30},"end":{"line":34,"column":1}}},"fnMap":{"0":{"name":"(anonymous_0)","decl":{"start":{"line":3,"column":28},"end":{"line":3,"column":29}},"loc":{"start":{"line":3,"column":41},"end":{"line":6,"column":1}},"line":3},"1":{"name":"(anonymous_1)","decl":{"start":{"line":8,"column":30},"end":{"line":8,"column":31}},"loc":{"start":{"line":8,"column":45},"end":{"line":11,"column":1}},"line":8},"2":{"name":"(anonymous_2)","decl":{"start":{"line":13,"column":34},"end":{"line":13,"column":35}},"loc":{"start":{"line":13,"column":45},"end":{"line":16,"column":1}},"line":13},"3":{"name":"(anonymous_3)","decl":{"start":{"line":18,"column":28},"end":{"line":18,"column":29}},"loc":{"start":{"line":18,"column":41},"end":{"line":21,"column":1}},"line":18},"4":{"name":"(anonymous_4)","decl":{"start":{"line":23,"column":26},"end":{"line":23,"column":27}},"loc":{"start":{"line":23,"column":33},"end":{"line":25,"column":1}},"line":23},"5":{"name":"(anonymous_5)","decl":{"start":{"line":27,"column":32},"end":{"line":27,"column":33}},"loc":{"start":{"line":27,"column":49},"end":{"line":30,"column":1}},"line":27},"6":{"name":"(anonymous_6)","decl":{"start":{"line":32,"column":23},"end":{"line":32,"column":24}},"loc":{"start":{"line":32,"column":30},"end":{"line":34,"column":1}},"line":32}},"branchMap":{},"s":{"0":8,"1":2,"2":8,"3":2,"4":8,"5":2,"6":8,"7":2,"8":8,"9":3,"10":8,"11":2,"12":8,"13":2},"f":{"0":2,"1":2,"2":2,"3":2,"4":3,"5":2,"6":2},"b":{},"_coverageSchema":"43e27e138ebf9cfc5966b082cf9a028302ed4184","hash":"ee4cb5af6370247d89ff75b5895aec1fd9f7f5ed"}
,"C:\\Users\\User\\Documents\\GitHub\\ReactSandbox\\MoviesWiki\\src\\components\\App.js": {"path":"C:\\Users\\User\\Documents\\GitHub\\ReactSandbox\\MoviesWiki\\src\\components\\App.js","statementMap":{"0":{"start":{"line":14,"column":8},"end":{"line":14,"column":21}},"1":{"start":{"line":16,"column":8},"end":{"line":53,"column":10}},"2":{"start":{"line":57,"column":8},"end":{"line":64,"column":23}}},"fnMap":{"0":{"name":"(anonymous_0)","decl":{"start":{"line":13,"column":1},"end":{"line":13,"column":2}},"loc":{"start":{"line":13,"column":20},"end":{"line":54,"column":2}},"line":13},"1":{"name":"(anonymous_1)","decl":{"start":{"line":56,"column":4},"end":{"line":56,"column":5}},"loc":{"start":{"line":56,"column":13},"end":{"line":65,"column":5}},"line":56}},"branchMap":{},"s":{"0":1,"1":1,"2":1},"f":{"0":1,"1":1},"b":{},"_coverageSchema":"43e27e138ebf9cfc5966b082cf9a028302ed4184","hash":"24118c4ab90a02fdab6ef8a0d3b8bd54d43c77fc"}
,"C:\\Users\\User\\Documents\\GitHub\\ReactSandbox\\MoviesWiki\\src\\components\\DetailsView.js": {"path":"C:\\Users\\User\\Documents\\GitHub\\ReactSandbox\\MoviesWiki\\src\\components\\DetailsView.js","statementMap":{"0":{"start":{"line":17,"column":8},"end":{"line":17,"column":21}},"1":{"start":{"line":23,"column":8},"end":{"line":46,"column":9}},"2":{"start":{"line":24,"column":12},"end":{"line":43,"column":20}},"3":{"start":{"line":45,"column":12},"end":{"line":45,"column":73}},"4":{"start":{"line":48,"column":8},"end":{"line":52,"column":10}},"5":{"start":{"line":57,"column":29},"end":{"line":57,"column":48}},"6":{"start":{"line":59,"column":4},"end":{"line":61,"column":6}}},"fnMap":{"0":{"name":"(anonymous_0)","decl":{"start":{"line":16,"column":4},"end":{"line":16,"column":5}},"loc":{"start":{"line":16,"column":23},"end":{"line":18,"column":5}},"line":16},"1":{"name":"(anonymous_1)","decl":{"start":{"line":20,"column":4},"end":{"line":20,"column":5}},"loc":{"start":{"line":20,"column":13},"end":{"line":53,"column":5}},"line":20},"2":{"name":"mapStateToProps","decl":{"start":{"line":56,"column":9},"end":{"line":56,"column":24}},"loc":{"start":{"line":56,"column":31},"end":{"line":62,"column":1}},"line":56}},"branchMap":{"0":{"loc":{"start":{"line":23,"column":8},"end":{"line":46,"column":9}},"type":"if","locations":[{"start":{"line":23,"column":8},"end":{"line":46,"column":9}},{"start":{"line":23,"column":8},"end":{"line":46,"column":9}}],"line":23}},"s":{"0":0,"1":0,"2":0,"3":0,"4":0,"5":0,"6":0},"f":{"0":0,"1":0,"2":0},"b":{"0":[0,0]},"_coverageSchema":"43e27e138ebf9cfc5966b082cf9a028302ed4184","hash":"7d72ed5cc6558e1b0b1379d82ac0e2ac53dc6e7a"}
,"C:\\Users\\User\\Documents\\GitHub\\ReactSandbox\\MoviesWiki\\src\\components\\Footer.js": {"path":"C:\\Users\\User\\Documents\\GitHub\\ReactSandbox\\MoviesWiki\\src\\components\\Footer.js","statementMap":{"0":{"start":{"line":5,"column":15},"end":{"line":9,"column":3}},"1":{"start":{"line":6,"column":4},"end":{"line":8,"column":19}}},"fnMap":{"0":{"name":"(anonymous_0)","decl":{"start":{"line":5,"column":15},"end":{"line":5,"column":16}},"loc":{"start":{"line":5,"column":31},"end":{"line":9,"column":3}},"line":5}},"branchMap":{},"s":{"0":2,"1":1},"f":{"0":1},"b":{},"_coverageSchema":"43e27e138ebf9cfc5966b082cf9a028302ed4184","hash":"c652a07f4636972c195acbe6e4edd9e3abc8df36"}
,"C:\\Users\\User\\Documents\\GitHub\\ReactSandbox\\MoviesWiki\\src\\components\\Header.js": {"path":"C:\\Users\\User\\Documents\\GitHub\\ReactSandbox\\MoviesWiki\\src\\components\\Header.js","statementMap":{"0":{"start":{"line":7,"column":15},"end":{"line":16,"column":1}},"1":{"start":{"line":8,"column":4},"end":{"line":15,"column":6}}},"fnMap":{"0":{"name":"(anonymous_0)","decl":{"start":{"line":7,"column":15},"end":{"line":7,"column":16}},"loc":{"start":{"line":7,"column":31},"end":{"line":16,"column":1}},"line":7}},"branchMap":{},"s":{"0":2,"1":1},"f":{"0":1},"b":{},"_coverageSchema":"43e27e138ebf9cfc5966b082cf9a028302ed4184","hash":"c0e36792c0103dd50e1b451fac4bfb389ec12428"}
,"C:\\Users\\User\\Documents\\GitHub\\ReactSandbox\\MoviesWiki\\src\\components\\ResultsBody.js": {"path":"C:\\Users\\User\\Documents\\GitHub\\ReactSandbox\\MoviesWiki\\src\\components\\ResultsBody.js","statementMap":{"0":{"start":{"line":14,"column":8},"end":{"line":14,"column":21}},"1":{"start":{"line":18,"column":8},"end":{"line":28,"column":9}},"2":{"start":{"line":19,"column":23},"end":{"line":19,"column":33}},"3":{"start":{"line":22,"column":16},"end":{"line":22,"column":52}},"4":{"start":{"line":23,"column":16},"end":{"line":23,"column":66}},"5":{"start":{"line":34,"column":28},"end":{"line":34,"column":76}},"6":{"start":{"line":36,"column":8},"end":{"line":52,"column":9}},"7":{"start":{"line":37,"column":12},"end":{"line":49,"column":21}},"8":{"start":{"line":51,"column":12},"end":{"line":51,"column":43}},"9":{"start":{"line":54,"column":8},"end":{"line":58,"column":10}},"10":{"start":{"line":63,"column":4},"end":{"line":75,"column":5}},"11":{"start":{"line":65,"column":13},"end":{"line":65,"column":48}},"12":{"start":{"line":66,"column":13},"end":{"line":66,"column":35}},"13":{"start":{"line":69,"column":12},"end":{"line":69,"column":42}},"14":{"start":{"line":70,"column":12},"end":{"line":70,"column":34}},"15":{"start":{"line":73,"column":12},"end":{"line":73,"column":46}},"16":{"start":{"line":79,"column":41},"end":{"line":79,"column":60}},"17":{"start":{"line":81,"column":4},"end":{"line":85,"column":6}}},"fnMap":{"0":{"name":"(anonymous_0)","decl":{"start":{"line":13,"column":4},"end":{"line":13,"column":5}},"loc":{"start":{"line":13,"column":23},"end":{"line":15,"column":5}},"line":13},"1":{"name":"(anonymous_1)","decl":{"start":{"line":17,"column":4},"end":{"line":17,"column":5}},"loc":{"start":{"line":17,"column":24},"end":{"line":29,"column":5}},"line":17},"2":{"name":"(anonymous_2)","decl":{"start":{"line":19,"column":16},"end":{"line":19,"column":17}},"loc":{"start":{"line":19,"column":23},"end":{"line":19,"column":33}},"line":19},"3":{"name":"(anonymous_3)","decl":{"start":{"line":21,"column":12},"end":{"line":21,"column":13}},"loc":{"start":{"line":21,"column":24},"end":{"line":24,"column":13}},"line":21},"4":{"name":"(anonymous_4)","decl":{"start":{"line":25,"column":12},"end":{"line":25,"column":13}},"loc":{"start":{"line":25,"column":23},"end":{"line":27,"column":13}},"line":25},"5":{"name":"(anonymous_5)","decl":{"start":{"line":31,"column":4},"end":{"line":31,"column":5}},"loc":{"start":{"line":31,"column":13},"end":{"line":59,"column":5}},"line":31},"6":{"name":"mapDispatchToProps","decl":{"start":{"line":62,"column":9},"end":{"line":62,"column":27}},"loc":{"start":{"line":62,"column":38},"end":{"line":76,"column":1}},"line":62},"7":{"name":"(anonymous_7)","decl":{"start":{"line":64,"column":27},"end":{"line":64,"column":28}},"loc":{"start":{"line":64,"column":39},"end":{"line":67,"column":10}},"line":64},"8":{"name":"(anonymous_8)","decl":{"start":{"line":68,"column":27},"end":{"line":68,"column":28}},"loc":{"start":{"line":68,"column":39},"end":{"line":71,"column":9}},"line":68},"9":{"name":"(anonymous_9)","decl":{"start":{"line":72,"column":32},"end":{"line":72,"column":33}},"loc":{"start":{"line":72,"column":42},"end":{"line":74,"column":9}},"line":72},"10":{"name":"mapStateToProps","decl":{"start":{"line":78,"column":9},"end":{"line":78,"column":24}},"loc":{"start":{"line":78,"column":31},"end":{"line":86,"column":1}},"line":78}},"branchMap":{"0":{"loc":{"start":{"line":34,"column":28},"end":{"line":34,"column":76}},"type":"cond-expr","locations":[{"start":{"line":34,"column":67},"end":{"line":34,"column":70}},{"start":{"line":34,"column":73},"end":{"line":34,"column":76}}],"line":34},"1":{"loc":{"start":{"line":36,"column":8},"end":{"line":52,"column":9}},"type":"if","locations":[{"start":{"line":36,"column":8},"end":{"line":52,"column":9}},{"start":{"line":36,"column":8},"end":{"line":52,"column":9}}],"line":36}},"s":{"0":0,"1":0,"2":0,"3":0,"4":0,"5":0,"6":0,"7":0,"8":0,"9":0,"10":0,"11":0,"12":0,"13":0,"14":0,"15":0,"16":0,"17":0},"f":{"0":0,"1":0,"2":0,"3":0,"4":0,"5":0,"6":0,"7":0,"8":0,"9":0,"10":0},"b":{"0":[0,0],"1":[0,0]},"_coverageSchema":"43e27e138ebf9cfc5966b082cf9a028302ed4184","hash":"84caed6be278db400cac7e3bfc9bbc16f1179df8"}
,"C:\\Users\\User\\Documents\\GitHub\\ReactSandbox\\MoviesWiki\\src\\components\\Common\\BackButton.js": {"path":"C:\\Users\\User\\Documents\\GitHub\\ReactSandbox\\MoviesWiki\\src\\components\\Common\\BackButton.js","statementMap":{"0":{"start":{"line":5,"column":19},"end":{"line":7,"column":1}},"1":{"start":{"line":6,"column":4},"end":{"line":6,"column":62}}},"fnMap":{"0":{"name":"(anonymous_0)","decl":{"start":{"line":5,"column":19},"end":{"line":5,"column":20}},"loc":{"start":{"line":5,"column":39},"end":{"line":7,"column":1}},"line":5}},"branchMap":{},"s":{"0":3,"1":1},"f":{"0":1},"b":{},"_coverageSchema":"43e27e138ebf9cfc5966b082cf9a028302ed4184","hash":"602a5ccfcf04cbb2328c20a1690bb3e54bb737d7"}
,"C:\\Users\\User\\Documents\\GitHub\\ReactSandbox\\MoviesWiki\\src\\components\\Common\\CustomOptionList.js": {"path":"C:\\Users\\User\\Documents\\GitHub\\ReactSandbox\\MoviesWiki\\src\\components\\Common\\CustomOptionList.js","statementMap":{"0":{"start":{"line":8,"column":8},"end":{"line":8,"column":21}},"1":{"start":{"line":10,"column":8},"end":{"line":10,"column":75}},"2":{"start":{"line":12,"column":8},"end":{"line":12,"column":55}},"3":{"start":{"line":16,"column":8},"end":{"line":16,"column":86}},"4":{"start":{"line":17,"column":8},"end":{"line":17,"column":77}},"5":{"start":{"line":21,"column":22},"end":{"line":21,"column":47}},"6":{"start":{"line":23,"column":26},"end":{"line":23,"column":28}},"7":{"start":{"line":25,"column":8},"end":{"line":30,"column":11}},"8":{"start":{"line":26,"column":23},"end":{"line":26,"column":39}},"9":{"start":{"line":27,"column":29},"end":{"line":27,"column":106}},"10":{"start":{"line":29,"column":12},"end":{"line":29,"column":151}},"11":{"start":{"line":32,"column":8},"end":{"line":37,"column":10}}},"fnMap":{"0":{"name":"(anonymous_0)","decl":{"start":{"line":7,"column":4},"end":{"line":7,"column":5}},"loc":{"start":{"line":7,"column":23},"end":{"line":13,"column":5}},"line":7},"1":{"name":"(anonymous_1)","decl":{"start":{"line":15,"column":4},"end":{"line":15,"column":5}},"loc":{"start":{"line":15,"column":19},"end":{"line":18,"column":5}},"line":15},"2":{"name":"(anonymous_2)","decl":{"start":{"line":20,"column":4},"end":{"line":20,"column":5}},"loc":{"start":{"line":20,"column":13},"end":{"line":38,"column":5}},"line":20},"3":{"name":"(anonymous_3)","decl":{"start":{"line":25,"column":20},"end":{"line":25,"column":21}},"loc":{"start":{"line":25,"column":39},"end":{"line":30,"column":9}},"line":25}},"branchMap":{"0":{"loc":{"start":{"line":27,"column":44},"end":{"line":27,"column":105}},"type":"cond-expr","locations":[{"start":{"line":27,"column":79},"end":{"line":27,"column":100}},{"start":{"line":27,"column":103},"end":{"line":27,"column":105}}],"line":27}},"s":{"0":3,"1":3,"2":3,"3":2,"4":2,"5":5,"6":5,"7":5,"8":10,"9":10,"10":10,"11":5},"f":{"0":3,"1":2,"2":5,"3":10},"b":{"0":[2,8]},"_coverageSchema":"43e27e138ebf9cfc5966b082cf9a028302ed4184","hash":"dcbe03af0072b37bdcca224682cded17511e0e01"}
,"C:\\Users\\User\\Documents\\GitHub\\ReactSandbox\\MoviesWiki\\src\\components\\Common\\Description.js": {"path":"C:\\Users\\User\\Documents\\GitHub\\ReactSandbox\\MoviesWiki\\src\\components\\Common\\Description.js","statementMap":{"0":{"start":{"line":3,"column":20},"end":{"line":7,"column":1}},"1":{"start":{"line":4,"column":4},"end":{"line":6,"column":19}}},"fnMap":{"0":{"name":"(anonymous_0)","decl":{"start":{"line":3,"column":20},"end":{"line":3,"column":21}},"loc":{"start":{"line":3,"column":41},"end":{"line":7,"column":1}},"line":3}},"branchMap":{},"s":{"0":3,"1":1},"f":{"0":1},"b":{},"_coverageSchema":"43e27e138ebf9cfc5966b082cf9a028302ed4184","hash":"2ad5243413e33ffb8d6e1ef6eeb1d24e1fd16121"}
,"C:\\Users\\User\\Documents\\GitHub\\ReactSandbox\\MoviesWiki\\src\\components\\Common\\DetailsTitle.js": {"path":"C:\\Users\\User\\Documents\\GitHub\\ReactSandbox\\MoviesWiki\\src\\components\\Common\\DetailsTitle.js","statementMap":{"0":{"start":{"line":5,"column":21},"end":{"line":9,"column":1}},"1":{"start":{"line":6,"column":4},"end":{"line":8,"column":19}}},"fnMap":{"0":{"name":"(anonymous_0)","decl":{"start":{"line":5,"column":21},"end":{"line":5,"column":22}},"loc":{"start":{"line":5,"column":35},"end":{"line":9,"column":1}},"line":5}},"branchMap":{},"s":{"0":3,"1":1},"f":{"0":1},"b":{},"_coverageSchema":"43e27e138ebf9cfc5966b082cf9a028302ed4184","hash":"f2c0474f99ad93ec910a5c518812f37e76f6e1b2"}
,"C:\\Users\\User\\Documents\\GitHub\\ReactSandbox\\MoviesWiki\\src\\components\\Common\\DetailsViewNoItemLabel.js": {"path":"C:\\Users\\User\\Documents\\GitHub\\ReactSandbox\\MoviesWiki\\src\\components\\Common\\DetailsViewNoItemLabel.js","statementMap":{"0":{"start":{"line":5,"column":31},"end":{"line":9,"column":1}},"1":{"start":{"line":6,"column":4},"end":{"line":8,"column":19}}},"fnMap":{"0":{"name":"(anonymous_0)","decl":{"start":{"line":5,"column":31},"end":{"line":5,"column":32}},"loc":{"start":{"line":5,"column":37},"end":{"line":9,"column":1}},"line":5}},"branchMap":{},"s":{"0":3,"1":1},"f":{"0":1},"b":{},"_coverageSchema":"43e27e138ebf9cfc5966b082cf9a028302ed4184","hash":"607a14224737b282f2693d960fe33621846738a3"}
,"C:\\Users\\User\\Documents\\GitHub\\ReactSandbox\\MoviesWiki\\src\\components\\Common\\Genre.js": {"path":"C:\\Users\\User\\Documents\\GitHub\\ReactSandbox\\MoviesWiki\\src\\components\\Common\\Genre.js","statementMap":{"0":{"start":{"line":5,"column":14},"end":{"line":9,"column":1}},"1":{"start":{"line":6,"column":4},"end":{"line":8,"column":19}}},"fnMap":{"0":{"name":"(anonymous_0)","decl":{"start":{"line":5,"column":14},"end":{"line":5,"column":15}},"loc":{"start":{"line":5,"column":29},"end":{"line":9,"column":1}},"line":5}},"branchMap":{},"s":{"0":5,"1":4},"f":{"0":4},"b":{},"_coverageSchema":"43e27e138ebf9cfc5966b082cf9a028302ed4184","hash":"01deb475aab3235fab671977ea846c543b3fca6b"}
,"C:\\Users\\User\\Documents\\GitHub\\ReactSandbox\\MoviesWiki\\src\\components\\Common\\Image.js": {"path":"C:\\Users\\User\\Documents\\GitHub\\ReactSandbox\\MoviesWiki\\src\\components\\Common\\Image.js","statementMap":{"0":{"start":{"line":5,"column":14},"end":{"line":9,"column":1}},"1":{"start":{"line":6,"column":4},"end":{"line":8,"column":19}}},"fnMap":{"0":{"name":"(anonymous_0)","decl":{"start":{"line":5,"column":14},"end":{"line":5,"column":15}},"loc":{"start":{"line":5,"column":29},"end":{"line":9,"column":1}},"line":5}},"branchMap":{},"s":{"0":6,"1":4},"f":{"0":4},"b":{},"_coverageSchema":"43e27e138ebf9cfc5966b082cf9a028302ed4184","hash":"5d434a5fadba65560ff044f08459869c6ff95305"}
,"C:\\Users\\User\\Documents\\GitHub\\ReactSandbox\\MoviesWiki\\src\\components\\Common\\Rating.js": {"path":"C:\\Users\\User\\Documents\\GitHub\\ReactSandbox\\MoviesWiki\\src\\components\\Common\\Rating.js","statementMap":{"0":{"start":{"line":5,"column":15},"end":{"line":11,"column":1}},"1":{"start":{"line":6,"column":4},"end":{"line":10,"column":7}},"2":{"start":{"line":7,"column":8},"end":{"line":9,"column":22}}},"fnMap":{"0":{"name":"(anonymous_0)","decl":{"start":{"line":5,"column":15},"end":{"line":5,"column":16}},"loc":{"start":{"line":5,"column":31},"end":{"line":11,"column":1}},"line":5},"1":{"name":"(anonymous_1)","decl":{"start":{"line":6,"column":19},"end":{"line":6,"column":20}},"loc":{"start":{"line":6,"column":24},"end":{"line":10,"column":5}},"line":6}},"branchMap":{},"s":{"0":7,"1":4,"2":4},"f":{"0":4,"1":4},"b":{},"_coverageSchema":"43e27e138ebf9cfc5966b082cf9a028302ed4184","hash":"b5ef598e184230ce719a6adbc189ac7ae67dadfe"}
,"C:\\Users\\User\\Documents\\GitHub\\ReactSandbox\\MoviesWiki\\src\\components\\Common\\ReleaseDate.js": {"path":"C:\\Users\\User\\Documents\\GitHub\\ReactSandbox\\MoviesWiki\\src\\components\\Common\\ReleaseDate.js","statementMap":{"0":{"start":{"line":5,"column":20},"end":{"line":9,"column":1}},"1":{"start":{"line":6,"column":4},"end":{"line":8,"column":19}}},"fnMap":{"0":{"name":"(anonymous_0)","decl":{"start":{"line":5,"column":20},"end":{"line":5,"column":21}},"loc":{"start":{"line":5,"column":41},"end":{"line":9,"column":1}},"line":5}},"branchMap":{},"s":{"0":5,"1":4},"f":{"0":4},"b":{},"_coverageSchema":"43e27e138ebf9cfc5966b082cf9a028302ed4184","hash":"8ff0a0b34e3d0e0ebd8048f5cf820e2880be61c3"}
,"C:\\Users\\User\\Documents\\GitHub\\ReactSandbox\\MoviesWiki\\src\\components\\Common\\ResultsCount.js": {"path":"C:\\Users\\User\\Documents\\GitHub\\ReactSandbox\\MoviesWiki\\src\\components\\Common\\ResultsCount.js","statementMap":{"0":{"start":{"line":5,"column":21},"end":{"line":9,"column":1}},"1":{"start":{"line":6,"column":4},"end":{"line":8,"column":19}}},"fnMap":{"0":{"name":"(anonymous_0)","decl":{"start":{"line":5,"column":21},"end":{"line":5,"column":22}},"loc":{"start":{"line":5,"column":43},"end":{"line":9,"column":1}},"line":5}},"branchMap":{},"s":{"0":3,"1":1},"f":{"0":1},"b":{},"_coverageSchema":"43e27e138ebf9cfc5966b082cf9a028302ed4184","hash":"33c1d99192418a5ada502ccf0f829e0afb06bc54"}
,"C:\\Users\\User\\Documents\\GitHub\\ReactSandbox\\MoviesWiki\\src\\components\\Common\\Spinner.js": {"path":"C:\\Users\\User\\Documents\\GitHub\\ReactSandbox\\MoviesWiki\\src\\components\\Common\\Spinner.js","statementMap":{"0":{"start":{"line":5,"column":16},"end":{"line":14,"column":1}},"1":{"start":{"line":6,"column":4},"end":{"line":12,"column":19}}},"fnMap":{"0":{"name":"(anonymous_0)","decl":{"start":{"line":5,"column":16},"end":{"line":5,"column":17}},"loc":{"start":{"line":5,"column":22},"end":{"line":14,"column":1}},"line":5}},"branchMap":{},"s":{"0":3,"1":1},"f":{"0":1},"b":{},"_coverageSchema":"43e27e138ebf9cfc5966b082cf9a028302ed4184","hash":"ceee888d9f5da7b913bacb028d7f7c4a25529cda"}
,"C:\\Users\\User\\Documents\\GitHub\\ReactSandbox\\MoviesWiki\\src\\components\\Common\\Title.js": {"path":"C:\\Users\\User\\Documents\\GitHub\\ReactSandbox\\MoviesWiki\\src\\components\\Common\\Title.js","statementMap":{"0":{"start":{"line":5,"column":14},"end":{"line":9,"column":1}},"1":{"start":{"line":6,"column":4},"end":{"line":8,"column":19}}},"fnMap":{"0":{"name":"(anonymous_0)","decl":{"start":{"line":5,"column":14},"end":{"line":5,"column":15}},"loc":{"start":{"line":5,"column":29},"end":{"line":9,"column":1}},"line":5}},"branchMap":{},"s":{"0":5,"1":4},"f":{"0":4},"b":{},"_coverageSchema":"43e27e138ebf9cfc5966b082cf9a028302ed4184","hash":"aa28ade7a213098077317db43066f694150280d6"}
,"C:\\Users\\User\\Documents\\GitHub\\ReactSandbox\\MoviesWiki\\src\\components\\Common\\YearAndDuration.js": {"path":"C:\\Users\\User\\Documents\\GitHub\\ReactSandbox\\MoviesWiki\\src\\components\\Common\\YearAndDuration.js","statementMap":{"0":{"start":{"line":5,"column":24},"end":{"line":16,"column":1}},"1":{"start":{"line":6,"column":4},"end":{"line":15,"column":16}}},"fnMap":{"0":{"name":"(anonymous_0)","decl":{"start":{"line":5,"column":24},"end":{"line":5,"column":25}},"loc":{"start":{"line":5,"column":47},"end":{"line":16,"column":1}},"line":5}},"branchMap":{},"s":{"0":3,"1":1},"f":{"0":1},"b":{},"_coverageSchema":"43e27e138ebf9cfc5966b082cf9a028302ed4184","hash":"5e1377b2e1f016ddcf8aff94e050706462434cdb"}
,"C:\\Users\\User\\Documents\\GitHub\\ReactSandbox\\MoviesWiki\\src\\components\\Container\\ItemBody.js": {"path":"C:\\Users\\User\\Documents\\GitHub\\ReactSandbox\\MoviesWiki\\src\\components\\Container\\ItemBody.js","statementMap":{"0":{"start":{"line":15,"column":8},"end":{"line":15,"column":21}},"1":{"start":{"line":17,"column":8},"end":{"line":17,"column":55}},"2":{"start":{"line":21,"column":8},"end":{"line":21,"column":59}},"3":{"start":{"line":25,"column":8},"end":{"line":33,"column":10}},"4":{"start":{"line":38,"column":4},"end":{"line":42,"column":5}},"5":{"start":{"line":40,"column":13},"end":{"line":40,"column":47}}},"fnMap":{"0":{"name":"(anonymous_0)","decl":{"start":{"line":14,"column":4},"end":{"line":14,"column":5}},"loc":{"start":{"line":14,"column":23},"end":{"line":18,"column":5}},"line":14},"1":{"name":"(anonymous_1)","decl":{"start":{"line":20,"column":4},"end":{"line":20,"column":5}},"loc":{"start":{"line":20,"column":19},"end":{"line":22,"column":5}},"line":20},"2":{"name":"(anonymous_2)","decl":{"start":{"line":24,"column":4},"end":{"line":24,"column":5}},"loc":{"start":{"line":24,"column":13},"end":{"line":34,"column":5}},"line":24},"3":{"name":"mapDispatchToProps","decl":{"start":{"line":37,"column":9},"end":{"line":37,"column":27}},"loc":{"start":{"line":37,"column":38},"end":{"line":43,"column":1}},"line":37},"4":{"name":"(anonymous_4)","decl":{"start":{"line":39,"column":33},"end":{"line":39,"column":34}},"loc":{"start":{"line":39,"column":43},"end":{"line":41,"column":10}},"line":39}},"branchMap":{},"s":{"0":3,"1":3,"2":0,"3":3,"4":3,"5":0},"f":{"0":3,"1":0,"2":3,"3":3,"4":0},"b":{},"_coverageSchema":"43e27e138ebf9cfc5966b082cf9a028302ed4184","hash":"df9ed8c2d8f6dea371f6c4be1c6823334563b7a9"}
,"C:\\Users\\User\\Documents\\GitHub\\ReactSandbox\\MoviesWiki\\src\\components\\Container\\ItemsContainer.js": {"path":"C:\\Users\\User\\Documents\\GitHub\\ReactSandbox\\MoviesWiki\\src\\components\\Container\\ItemsContainer.js","statementMap":{"0":{"start":{"line":8,"column":23},"end":{"line":33,"column":1}},"1":{"start":{"line":11,"column":27},"end":{"line":11,"column":29}},"2":{"start":{"line":13,"column":8},"end":{"line":15,"column":11}},"3":{"start":{"line":14,"column":12},"end":{"line":14,"column":67}},"4":{"start":{"line":17,"column":8},"end":{"line":17,"column":28}},"5":{"start":{"line":22,"column":4},"end":{"line":26,"column":5}},"6":{"start":{"line":23,"column":8},"end":{"line":23,"column":35}},"7":{"start":{"line":25,"column":8},"end":{"line":25,"column":34}},"8":{"start":{"line":28,"column":4},"end":{"line":32,"column":6}}},"fnMap":{"0":{"name":"(anonymous_0)","decl":{"start":{"line":8,"column":23},"end":{"line":8,"column":24}},"loc":{"start":{"line":8,"column":38},"end":{"line":33,"column":1}},"line":8},"1":{"name":"getDivTable","decl":{"start":{"line":10,"column":13},"end":{"line":10,"column":24}},"loc":{"start":{"line":10,"column":32},"end":{"line":18,"column":5}},"line":10},"2":{"name":"(anonymous_2)","decl":{"start":{"line":13,"column":18},"end":{"line":13,"column":19}},"loc":{"start":{"line":13,"column":35},"end":{"line":15,"column":9}},"line":13}},"branchMap":{"0":{"loc":{"start":{"line":22,"column":4},"end":{"line":26,"column":5}},"type":"if","locations":[{"start":{"line":22,"column":4},"end":{"line":26,"column":5}},{"start":{"line":22,"column":4},"end":{"line":26,"column":5}}],"line":22}},"s":{"0":3,"1":1,"2":1,"3":3,"4":1,"5":2,"6":1,"7":1,"8":2},"f":{"0":2,"1":1,"2":3},"b":{"0":[1,1]},"_coverageSchema":"43e27e138ebf9cfc5966b082cf9a028302ed4184","hash":"5db7e0a883fdd53588ab9de0736a3b6e8658befa"}
,"C:\\Users\\User\\Documents\\GitHub\\ReactSandbox\\MoviesWiki\\src\\components\\Container\\NoItemLabel.js": {"path":"C:\\Users\\User\\Documents\\GitHub\\ReactSandbox\\MoviesWiki\\src\\components\\Container\\NoItemLabel.js","statementMap":{"0":{"start":{"line":5,"column":20},"end":{"line":9,"column":1}},"1":{"start":{"line":6,"column":4},"end":{"line":8,"column":19}}},"fnMap":{"0":{"name":"(anonymous_0)","decl":{"start":{"line":5,"column":20},"end":{"line":5,"column":21}},"loc":{"start":{"line":5,"column":26},"end":{"line":9,"column":1}},"line":5}},"branchMap":{},"s":{"0":4,"1":2},"f":{"0":2},"b":{},"_coverageSchema":"43e27e138ebf9cfc5966b082cf9a028302ed4184","hash":"1a6fbe20afea75c580ed2b57bb8df5def7b36984"}
,"C:\\Users\\User\\Documents\\GitHub\\ReactSandbox\\MoviesWiki\\src\\components\\Error\\ErrorBoundary.js": {"path":"C:\\Users\\User\\Documents\\GitHub\\ReactSandbox\\MoviesWiki\\src\\components\\Error\\ErrorBoundary.js","statementMap":{"0":{"start":{"line":7,"column":8},"end":{"line":7,"column":21}},"1":{"start":{"line":8,"column":8},"end":{"line":8,"column":41}},"2":{"start":{"line":13,"column":8},"end":{"line":13,"column":34}},"3":{"start":{"line":23,"column":8},"end":{"line":26,"column":9}},"4":{"start":{"line":25,"column":12},"end":{"line":25,"column":89}},"5":{"start":{"line":28,"column":8},"end":{"line":28,"column":35}}},"fnMap":{"0":{"name":"(anonymous_0)","decl":{"start":{"line":6,"column":4},"end":{"line":6,"column":5}},"loc":{"start":{"line":6,"column":23},"end":{"line":9,"column":5}},"line":6},"1":{"name":"(anonymous_1)","decl":{"start":{"line":11,"column":4},"end":{"line":11,"column":5}},"loc":{"start":{"line":11,"column":43},"end":{"line":14,"column":5}},"line":11},"2":{"name":"(anonymous_2)","decl":{"start":{"line":16,"column":4},"end":{"line":16,"column":5}},"loc":{"start":{"line":16,"column":40},"end":{"line":20,"column":5}},"line":16},"3":{"name":"(anonymous_3)","decl":{"start":{"line":22,"column":4},"end":{"line":22,"column":5}},"loc":{"start":{"line":22,"column":13},"end":{"line":29,"column":5}},"line":22}},"branchMap":{"0":{"loc":{"start":{"line":23,"column":8},"end":{"line":26,"column":9}},"type":"if","locations":[{"start":{"line":23,"column":8},"end":{"line":26,"column":9}},{"start":{"line":23,"column":8},"end":{"line":26,"column":9}}],"line":23}},"s":{"0":2,"1":2,"2":1,"3":3,"4":1,"5":2},"f":{"0":2,"1":1,"2":1,"3":3},"b":{"0":[1,2]},"_coverageSchema":"43e27e138ebf9cfc5966b082cf9a028302ed4184","hash":"ec876f59e1205e6208c147de309af0a1bcd02b88"}
,"C:\\Users\\User\\Documents\\GitHub\\ReactSandbox\\MoviesWiki\\src\\components\\Search\\Search.js": {"path":"C:\\Users\\User\\Documents\\GitHub\\ReactSandbox\\MoviesWiki\\src\\components\\Search\\Search.js","statementMap":{"0":{"start":{"line":13,"column":8},"end":{"line":13,"column":21}},"1":{"start":{"line":17,"column":8},"end":{"line":17,"column":87}},"2":{"start":{"line":21,"column":8},"end":{"line":21,"column":17}},"3":{"start":{"line":22,"column":28},"end":{"line":22,"column":71}},"4":{"start":{"line":24,"column":8},"end":{"line":32,"column":10}},"5":{"start":{"line":28,"column":94},"end":{"line":28,"column":113}},"6":{"start":{"line":37,"column":4},"end":{"line":60,"column":5}},"7":{"start":{"line":39,"column":13},"end":{"line":39,"column":51}},"8":{"start":{"line":42,"column":12},"end":{"line":42,"column":46}},"9":{"start":{"line":45,"column":12},"end":{"line":45,"column":31}},"10":{"start":{"line":47,"column":22},"end":{"line":47,"column":140}},"11":{"start":{"line":49,"column":12},"end":{"line":58,"column":18}},"12":{"start":{"line":50,"column":25},"end":{"line":50,"column":35}},"13":{"start":{"line":53,"column":20},"end":{"line":53,"column":56}},"14":{"start":{"line":54,"column":20},"end":{"line":54,"column":42}},"15":{"start":{"line":64,"column":62},"end":{"line":64,"column":81}},"16":{"start":{"line":66,"column":4},"end":{"line":72,"column":6}}},"fnMap":{"0":{"name":"(anonymous_0)","decl":{"start":{"line":12,"column":4},"end":{"line":12,"column":5}},"loc":{"start":{"line":12,"column":23},"end":{"line":14,"column":5}},"line":12},"1":{"name":"(anonymous_1)","decl":{"start":{"line":16,"column":4},"end":{"line":16,"column":5}},"loc":{"start":{"line":16,"column":19},"end":{"line":18,"column":5}},"line":16},"2":{"name":"(anonymous_2)","decl":{"start":{"line":20,"column":4},"end":{"line":20,"column":5}},"loc":{"start":{"line":20,"column":13},"end":{"line":33,"column":5}},"line":20},"3":{"name":"(anonymous_3)","decl":{"start":{"line":28,"column":88},"end":{"line":28,"column":89}},"loc":{"start":{"line":28,"column":94},"end":{"line":28,"column":113}},"line":28},"4":{"name":"mapDispatchToProps","decl":{"start":{"line":36,"column":9},"end":{"line":36,"column":27}},"loc":{"start":{"line":36,"column":38},"end":{"line":61,"column":1}},"line":36},"5":{"name":"(anonymous_5)","decl":{"start":{"line":38,"column":31},"end":{"line":38,"column":32}},"loc":{"start":{"line":38,"column":47},"end":{"line":40,"column":10}},"line":38},"6":{"name":"(anonymous_6)","decl":{"start":{"line":41,"column":29},"end":{"line":41,"column":30}},"loc":{"start":{"line":41,"column":43},"end":{"line":43,"column":10}},"line":41},"7":{"name":"(anonymous_7)","decl":{"start":{"line":44,"column":34},"end":{"line":44,"column":35}},"loc":{"start":{"line":44,"column":60},"end":{"line":59,"column":9}},"line":44},"8":{"name":"(anonymous_8)","decl":{"start":{"line":50,"column":18},"end":{"line":50,"column":19}},"loc":{"start":{"line":50,"column":25},"end":{"line":50,"column":35}},"line":50},"9":{"name":"(anonymous_9)","decl":{"start":{"line":52,"column":16},"end":{"line":52,"column":17}},"loc":{"start":{"line":52,"column":28},"end":{"line":55,"column":17}},"line":52},"10":{"name":"(anonymous_10)","decl":{"start":{"line":56,"column":16},"end":{"line":56,"column":17}},"loc":{"start":{"line":56,"column":27},"end":{"line":58,"column":17}},"line":56},"11":{"name":"mapStateToProps","decl":{"start":{"line":63,"column":9},"end":{"line":63,"column":24}},"loc":{"start":{"line":63,"column":31},"end":{"line":73,"column":1}},"line":63}},"branchMap":{"0":{"loc":{"start":{"line":22,"column":28},"end":{"line":22,"column":71}},"type":"cond-expr","locations":[{"start":{"line":22,"column":62},"end":{"line":22,"column":65}},{"start":{"line":22,"column":68},"end":{"line":22,"column":71}}],"line":22}},"s":{"0":0,"1":0,"2":0,"3":0,"4":0,"5":0,"6":0,"7":0,"8":0,"9":0,"10":0,"11":0,"12":0,"13":0,"14":0,"15":0,"16":0},"f":{"0":0,"1":0,"2":0,"3":0,"4":0,"5":0,"6":0,"7":0,"8":0,"9":0,"10":0,"11":0},"b":{"0":[0,0]},"_coverageSchema":"43e27e138ebf9cfc5966b082cf9a028302ed4184","hash":"a31e1120840dac5e436a5ff9982b435a0554b01c"}
,"C:\\Users\\User\\Documents\\GitHub\\ReactSandbox\\MoviesWiki\\src\\components\\Search\\SearchButton.js": {"path":"C:\\Users\\User\\Documents\\GitHub\\ReactSandbox\\MoviesWiki\\src\\components\\Search\\SearchButton.js","statementMap":{"0":{"start":{"line":5,"column":21},"end":{"line":7,"column":1}},"1":{"start":{"line":6,"column":4},"end":{"line":6,"column":97}},"2":{"start":{"line":6,"column":61},"end":{"line":6,"column":73}}},"fnMap":{"0":{"name":"(anonymous_0)","decl":{"start":{"line":5,"column":21},"end":{"line":5,"column":22}},"loc":{"start":{"line":5,"column":53},"end":{"line":7,"column":1}},"line":5},"1":{"name":"(anonymous_1)","decl":{"start":{"line":6,"column":55},"end":{"line":6,"column":56}},"loc":{"start":{"line":6,"column":61},"end":{"line":6,"column":73}},"line":6}},"branchMap":{},"s":{"0":4,"1":1,"2":0},"f":{"0":1,"1":0},"b":{},"_coverageSchema":"43e27e138ebf9cfc5966b082cf9a028302ed4184","hash":"aa4b82eaa8da44a604c0a92fddb8110bb702312b"}
,"C:\\Users\\User\\Documents\\GitHub\\ReactSandbox\\MoviesWiki\\src\\components\\Search\\SearchField.js": {"path":"C:\\Users\\User\\Documents\\GitHub\\ReactSandbox\\MoviesWiki\\src\\components\\Search\\SearchField.js","statementMap":{"0":{"start":{"line":5,"column":20},"end":{"line":7,"column":1}},"1":{"start":{"line":6,"column":4},"end":{"line":6,"column":142}},"2":{"start":{"line":6,"column":104},"end":{"line":6,"column":137}}},"fnMap":{"0":{"name":"(anonymous_0)","decl":{"start":{"line":5,"column":20},"end":{"line":5,"column":21}},"loc":{"start":{"line":5,"column":53},"end":{"line":7,"column":1}},"line":5},"1":{"name":"(anonymous_1)","decl":{"start":{"line":6,"column":97},"end":{"line":6,"column":98}},"loc":{"start":{"line":6,"column":104},"end":{"line":6,"column":137}},"line":6}},"branchMap":{},"s":{"0":4,"1":1,"2":0},"f":{"0":1,"1":0},"b":{},"_coverageSchema":"43e27e138ebf9cfc5966b082cf9a028302ed4184","hash":"cd6ed0a0e78990e648254f1a9f219e2b5a4a57cd"}
,"C:\\Users\\User\\Documents\\GitHub\\ReactSandbox\\MoviesWiki\\src\\reducers\\index.js": {"path":"C:\\Users\\User\\Documents\\GitHub\\ReactSandbox\\MoviesWiki\\src\\reducers\\index.js","statementMap":{},"fnMap":{},"branchMap":{},"s":{},"f":{},"b":{},"_coverageSchema":"43e27e138ebf9cfc5966b082cf9a028302ed4184","hash":"27cbd0878d0fe3fbd4428e97fc375b4caa17e3c7"}
,"C:\\Users\\User\\Documents\\GitHub\\ReactSandbox\\MoviesWiki\\src\\reducers\\moviesReducer.js": {"path":"C:\\Users\\User\\Documents\\GitHub\\ReactSandbox\\MoviesWiki\\src\\reducers\\moviesReducer.js","statementMap":{"0":{"start":{"line":3,"column":21},"end":{"line":10,"column":3}},"1":{"start":{"line":12,"column":22},"end":{"line":75,"column":3}},"2":{"start":{"line":13,"column":4},"end":{"line":74,"column":5}},"3":{"start":{"line":15,"column":8},"end":{"line":18,"column":9}},"4":{"start":{"line":21,"column":10},"end":{"line":21,"column":19}},"5":{"start":{"line":22,"column":9},"end":{"line":26,"column":9}},"6":{"start":{"line":29,"column":10},"end":{"line":32,"column":11}},"7":{"start":{"line":35,"column":10},"end":{"line":38,"column":11}},"8":{"start":{"line":41,"column":10},"end":{"line":41,"column":19}},"9":{"start":{"line":42,"column":12},"end":{"line":45,"column":13}},"10":{"start":{"line":48,"column":10},"end":{"line":51,"column":11}},"11":{"start":{"line":55,"column":12},"end":{"line":57,"column":13}},"12":{"start":{"line":56,"column":14},"end":{"line":56,"column":24}},"13":{"start":{"line":58,"column":12},"end":{"line":60,"column":13}},"14":{"start":{"line":59,"column":14},"end":{"line":59,"column":23}},"15":{"start":{"line":61,"column":12},"end":{"line":61,"column":21}},"16":{"start":{"line":64,"column":29},"end":{"line":64,"column":52}},"17":{"start":{"line":65,"column":10},"end":{"line":65,"column":37}},"18":{"start":{"line":67,"column":10},"end":{"line":70,"column":11}},"19":{"start":{"line":73,"column":8},"end":{"line":73,"column":27}}},"fnMap":{"0":{"name":"(anonymous_0)","decl":{"start":{"line":12,"column":22},"end":{"line":12,"column":23}},"loc":{"start":{"line":12,"column":56},"end":{"line":75,"column":3}},"line":12},"1":{"name":"compare","decl":{"start":{"line":54,"column":19},"end":{"line":54,"column":26}},"loc":{"start":{"line":54,"column":35},"end":{"line":62,"column":11}},"line":54}},"branchMap":{"0":{"loc":{"start":{"line":12,"column":23},"end":{"line":12,"column":43}},"type":"default-arg","locations":[{"start":{"line":12,"column":31},"end":{"line":12,"column":43}}],"line":12},"1":{"loc":{"start":{"line":13,"column":4},"end":{"line":74,"column":5}},"type":"switch","locations":[{"start":{"line":14,"column":6},"end":{"line":18,"column":9}},{"start":{"line":20,"column":7},"end":{"line":26,"column":9}},{"start":{"line":28,"column":8},"end":{"line":32,"column":11}},{"start":{"line":34,"column":8},"end":{"line":38,"column":11}},{"start":{"line":40,"column":8},"end":{"line":45,"column":13}},{"start":{"line":47,"column":8},"end":{"line":51,"column":11}},{"start":{"line":53,"column":8},"end":{"line":70,"column":11}},{"start":{"line":72,"column":6},"end":{"line":73,"column":27}}],"line":13},"2":{"loc":{"start":{"line":55,"column":12},"end":{"line":57,"column":13}},"type":"if","locations":[{"start":{"line":55,"column":12},"end":{"line":57,"column":13}},{"start":{"line":55,"column":12},"end":{"line":57,"column":13}}],"line":55},"3":{"loc":{"start":{"line":58,"column":12},"end":{"line":60,"column":13}},"type":"if","locations":[{"start":{"line":58,"column":12},"end":{"line":60,"column":13}},{"start":{"line":58,"column":12},"end":{"line":60,"column":13}}],"line":58}},"s":{"0":6,"1":6,"2":25,"3":1,"4":1,"5":1,"6":1,"7":1,"8":1,"9":1,"10":1,"11":6,"12":2,"13":4,"14":4,"15":0,"16":2,"17":2,"18":2,"19":17},"f":{"0":25,"1":6},"b":{"0":[19],"1":[1,1,1,1,1,1,2,17],"2":[2,4],"3":[4,0]},"_coverageSchema":"43e27e138ebf9cfc5966b082cf9a028302ed4184","hash":"ba2c9ba6511db8ab56579469e585a5a9b108e0ad"}
}
